2020-05-07 15:29:20.743  INFO 19168 --- [main] com.cml.eurder.jar.EurderApplication     : Starting EurderApplication on DESKTOP-T7RTGHJ with PID 19168 (C:\_development\Eurder-Cemal\jar\target\classes started by colruyt in C:\_development\Eurder-Cemal)
2020-05-07 15:29:20.764  INFO 19168 --- [main] com.cml.eurder.jar.EurderApplication     : No active profile set, falling back to default profiles: default
2020-05-07 15:31:11.601  INFO 20152 --- [main] com.cml.eurder.jar.EurderApplication     : Starting EurderApplication on DESKTOP-T7RTGHJ with PID 20152 (C:\_development\Eurder-Cemal\jar\target\classes started by colruyt in C:\_development\Eurder-Cemal)
2020-05-07 15:31:11.605  INFO 20152 --- [main] com.cml.eurder.jar.EurderApplication     : No active profile set, falling back to default profiles: default
2020-05-07 15:31:12.904  INFO 20152 --- [main] .s.d.r.c.RepositoryConfigurationDelegate : Bootstrapping Spring Data JPA repositories in DEFAULT mode.
2020-05-07 15:31:13.061  INFO 20152 --- [main] .s.d.r.c.RepositoryConfigurationDelegate : Finished Spring Data repository scanning in 143ms. Found 5 JPA repository interfaces.
2020-05-07 15:31:13.900  INFO 20152 --- [main] trationDelegate$BeanPostProcessorChecker : Bean 'org.springframework.security.config.annotation.configuration.ObjectPostProcessorConfiguration' of type [org.springframework.security.config.annotation.configuration.ObjectPostProcessorConfiguration] is not eligible for getting processed by all BeanPostProcessors (for example: not eligible for auto-proxying)
2020-05-07 15:31:13.906  INFO 20152 --- [main] trationDelegate$BeanPostProcessorChecker : Bean 'objectPostProcessor' of type [org.springframework.security.config.annotation.configuration.AutowireBeanFactoryObjectPostProcessor] is not eligible for getting processed by all BeanPostProcessors (for example: not eligible for auto-proxying)
2020-05-07 15:31:13.916  INFO 20152 --- [main] trationDelegate$BeanPostProcessorChecker : Bean 'org.springframework.security.access.expression.method.DefaultMethodSecurityExpressionHandler@6bc24e72' of type [org.springframework.security.access.expression.method.DefaultMethodSecurityExpressionHandler] is not eligible for getting processed by all BeanPostProcessors (for example: not eligible for auto-proxying)
2020-05-07 15:31:13.919  INFO 20152 --- [main] trationDelegate$BeanPostProcessorChecker : Bean 'org.springframework.security.config.annotation.method.configuration.GlobalMethodSecurityConfiguration' of type [org.springframework.security.config.annotation.method.configuration.GlobalMethodSecurityConfiguration] is not eligible for getting processed by all BeanPostProcessors (for example: not eligible for auto-proxying)
2020-05-07 15:31:13.926  INFO 20152 --- [main] trationDelegate$BeanPostProcessorChecker : Bean 'methodSecurityMetadataSource' of type [org.springframework.security.access.method.DelegatingMethodSecurityMetadataSource] is not eligible for getting processed by all BeanPostProcessors (for example: not eligible for auto-proxying)
2020-05-07 15:31:14.310  INFO 20152 --- [main] o.s.b.w.embedded.tomcat.TomcatWebServer  : Tomcat initialized with port(s): 8080 (http)
2020-05-07 15:31:14.324  INFO 20152 --- [main] o.apache.catalina.core.StandardService   : Starting service [Tomcat]
2020-05-07 15:31:14.325  INFO 20152 --- [main] org.apache.catalina.core.StandardEngine  : Starting Servlet engine: [Apache Tomcat/9.0.33]
2020-05-07 15:31:14.675  INFO 20152 --- [main] o.a.c.c.C.[Tomcat].[localhost].[/api]    : Initializing Spring embedded WebApplicationContext
2020-05-07 15:31:14.675  INFO 20152 --- [main] o.s.web.context.ContextLoader            : Root WebApplicationContext: initialization completed in 3009 ms
2020-05-07 15:31:15.027  INFO 20152 --- [main] o.hibernate.jpa.internal.util.LogHelper  : HHH000204: Processing PersistenceUnitInfo [name: default]
2020-05-07 15:31:15.195  INFO 20152 --- [main] org.hibernate.Version                    : HHH000412: Hibernate ORM core version 5.4.12.Final
2020-05-07 15:31:15.518  INFO 20152 --- [main] o.hibernate.annotations.common.Version   : HCANN000001: Hibernate Commons Annotations {5.1.0.Final}
2020-05-07 15:31:15.777  INFO 20152 --- [main] com.zaxxer.hikari.HikariDataSource       : HikariPool-1 - Starting...
2020-05-07 15:31:17.069  INFO 20152 --- [main] com.zaxxer.hikari.HikariDataSource       : HikariPool-1 - Start completed.
2020-05-07 15:31:17.206  INFO 20152 --- [main] org.hibernate.dialect.Dialect            : HHH000400: Using dialect: org.hibernate.dialect.PostgreSQL10Dialect
2020-05-07 15:31:20.262  INFO 20152 --- [main] o.h.e.t.j.p.i.JtaPlatformInitiator       : HHH000490: Using JtaPlatform implementation: [org.hibernate.engine.transaction.jta.platform.internal.NoJtaPlatform]
2020-05-07 15:31:20.275  INFO 20152 --- [main] j.LocalContainerEntityManagerFactoryBean : Initialized JPA EntityManagerFactory for persistence unit 'default'
2020-05-07 15:31:21.427  WARN 20152 --- [main] JpaBaseConfiguration$JpaWebConfiguration : spring.jpa.open-in-view is enabled by default. Therefore, database queries may be performed during view rendering. Explicitly configure spring.jpa.open-in-view to disable this warning
2020-05-07 15:31:21.750  INFO 20152 --- [main] pertySourcedRequestMappingHandlerMapping : Mapped URL path [/v2/api-docs] onto method [springfox.documentation.swagger2.web.Swagger2Controller#getDocumentation(String, HttpServletRequest)]
2020-05-07 15:31:21.914  INFO 20152 --- [main] o.s.s.web.DefaultSecurityFilterChain     : Creating filter chain: any request, [org.springframework.security.web.context.request.async.WebAsyncManagerIntegrationFilter@57f6fc09, org.springframework.security.web.context.SecurityContextPersistenceFilter@f9979cf, org.springframework.security.web.header.HeaderWriterFilter@3cc2c4b8, org.springframework.security.web.authentication.logout.LogoutFilter@492d38a2, org.springframework.security.web.authentication.www.BasicAuthenticationFilter@60317de8, org.springframework.security.web.savedrequest.RequestCacheAwareFilter@cce672c, org.springframework.security.web.servletapi.SecurityContextHolderAwareRequestFilter@6b3da23f, org.springframework.security.web.authentication.AnonymousAuthenticationFilter@ae5d544, org.springframework.security.web.session.SessionManagementFilter@113e6e06, org.springframework.security.web.access.ExceptionTranslationFilter@61cff1e4, org.springframework.security.web.access.intercept.FilterSecurityInterceptor@1a67bde5]
2020-05-07 15:31:22.037  INFO 20152 --- [main] o.s.s.concurrent.ThreadPoolTaskExecutor  : Initializing ExecutorService 'applicationTaskExecutor'
2020-05-07 15:31:22.189  INFO 20152 --- [main] d.s.w.p.DocumentationPluginsBootstrapper : Context refreshed
2020-05-07 15:31:22.209  INFO 20152 --- [main] d.s.w.p.DocumentationPluginsBootstrapper : Found 1 custom documentation plugin(s)
2020-05-07 15:31:22.258  INFO 20152 --- [main] s.d.s.w.s.ApiListingReferenceScanner     : Scanning for api listing references
2020-05-07 15:31:22.890  INFO 20152 --- [main] o.apache.catalina.core.StandardService   : Stopping service [Tomcat]
2020-05-07 15:31:22.895  INFO 20152 --- [main] ConditionEvaluationReportLoggingListener : 

Error starting ApplicationContext. To display the conditions report re-run your application with 'debug' enabled.
2020-05-07 15:31:22.899 ERROR 20152 --- [main] o.s.b.d.LoggingFailureAnalysisReporter   : 

***************************
APPLICATION FAILED TO START
***************************

Description:

Web server failed to start. Port 8080 was already in use.

Action:

Identify and stop the process that's listening on port 8080 or configure this application to listen on another port.

2020-05-07 15:31:22.901  INFO 20152 --- [main] o.s.s.concurrent.ThreadPoolTaskExecutor  : Shutting down ExecutorService 'applicationTaskExecutor'
2020-05-07 15:31:22.905  INFO 20152 --- [main] j.LocalContainerEntityManagerFactoryBean : Closing JPA EntityManagerFactory for persistence unit 'default'
2020-05-07 15:31:22.911  INFO 20152 --- [main] com.zaxxer.hikari.HikariDataSource       : HikariPool-1 - Shutdown initiated...
2020-05-07 15:31:22.921  INFO 20152 --- [main] com.zaxxer.hikari.HikariDataSource       : HikariPool-1 - Shutdown completed.
2020-05-07 15:34:12.730  INFO 18612 --- [main] com.cml.eurder.jar.EurderApplication     : Starting EurderApplication on DESKTOP-T7RTGHJ with PID 18612 (C:\_development\Eurder-Cemal\jar\target\classes started by colruyt in C:\_development\Eurder-Cemal)
2020-05-07 15:34:12.733  INFO 18612 --- [main] com.cml.eurder.jar.EurderApplication     : No active profile set, falling back to default profiles: default
2020-05-07 15:34:13.923  INFO 18612 --- [main] .s.d.r.c.RepositoryConfigurationDelegate : Bootstrapping Spring Data JPA repositories in DEFAULT mode.
2020-05-07 15:34:14.032  INFO 18612 --- [main] .s.d.r.c.RepositoryConfigurationDelegate : Finished Spring Data repository scanning in 102ms. Found 5 JPA repository interfaces.
2020-05-07 15:34:14.545  INFO 18612 --- [main] trationDelegate$BeanPostProcessorChecker : Bean 'org.springframework.security.config.annotation.configuration.ObjectPostProcessorConfiguration' of type [org.springframework.security.config.annotation.configuration.ObjectPostProcessorConfiguration] is not eligible for getting processed by all BeanPostProcessors (for example: not eligible for auto-proxying)
2020-05-07 15:34:14.548  INFO 18612 --- [main] trationDelegate$BeanPostProcessorChecker : Bean 'objectPostProcessor' of type [org.springframework.security.config.annotation.configuration.AutowireBeanFactoryObjectPostProcessor] is not eligible for getting processed by all BeanPostProcessors (for example: not eligible for auto-proxying)
2020-05-07 15:34:14.551  INFO 18612 --- [main] trationDelegate$BeanPostProcessorChecker : Bean 'org.springframework.security.access.expression.method.DefaultMethodSecurityExpressionHandler@6bee793f' of type [org.springframework.security.access.expression.method.DefaultMethodSecurityExpressionHandler] is not eligible for getting processed by all BeanPostProcessors (for example: not eligible for auto-proxying)
2020-05-07 15:34:14.553  INFO 18612 --- [main] trationDelegate$BeanPostProcessorChecker : Bean 'org.springframework.security.config.annotation.method.configuration.GlobalMethodSecurityConfiguration' of type [org.springframework.security.config.annotation.method.configuration.GlobalMethodSecurityConfiguration] is not eligible for getting processed by all BeanPostProcessors (for example: not eligible for auto-proxying)
2020-05-07 15:34:14.557  INFO 18612 --- [main] trationDelegate$BeanPostProcessorChecker : Bean 'methodSecurityMetadataSource' of type [org.springframework.security.access.method.DelegatingMethodSecurityMetadataSource] is not eligible for getting processed by all BeanPostProcessors (for example: not eligible for auto-proxying)
2020-05-07 15:34:14.791  INFO 18612 --- [main] o.s.b.w.embedded.tomcat.TomcatWebServer  : Tomcat initialized with port(s): 9000 (http)
2020-05-07 15:34:14.798  INFO 18612 --- [main] o.apache.catalina.core.StandardService   : Starting service [Tomcat]
2020-05-07 15:34:14.798  INFO 18612 --- [main] org.apache.catalina.core.StandardEngine  : Starting Servlet engine: [Apache Tomcat/9.0.33]
2020-05-07 15:34:15.039  INFO 18612 --- [main] o.a.c.c.C.[Tomcat].[localhost].[/api]    : Initializing Spring embedded WebApplicationContext
2020-05-07 15:34:15.040  INFO 18612 --- [main] o.s.web.context.ContextLoader            : Root WebApplicationContext: initialization completed in 2250 ms
2020-05-07 15:34:15.235  INFO 18612 --- [main] o.hibernate.jpa.internal.util.LogHelper  : HHH000204: Processing PersistenceUnitInfo [name: default]
2020-05-07 15:34:15.336  INFO 18612 --- [main] org.hibernate.Version                    : HHH000412: Hibernate ORM core version 5.4.12.Final
2020-05-07 15:34:15.471  INFO 18612 --- [main] o.hibernate.annotations.common.Version   : HCANN000001: Hibernate Commons Annotations {5.1.0.Final}
2020-05-07 15:34:15.586  INFO 18612 --- [main] com.zaxxer.hikari.HikariDataSource       : HikariPool-1 - Starting...
2020-05-07 15:34:16.221  INFO 18612 --- [main] com.zaxxer.hikari.HikariDataSource       : HikariPool-1 - Start completed.
2020-05-07 15:34:16.243  INFO 18612 --- [main] org.hibernate.dialect.Dialect            : HHH000400: Using dialect: org.hibernate.dialect.PostgreSQL10Dialect
2020-05-07 15:34:18.554  INFO 18612 --- [main] o.h.e.t.j.p.i.JtaPlatformInitiator       : HHH000490: Using JtaPlatform implementation: [org.hibernate.engine.transaction.jta.platform.internal.NoJtaPlatform]
2020-05-07 15:34:18.562  INFO 18612 --- [main] j.LocalContainerEntityManagerFactoryBean : Initialized JPA EntityManagerFactory for persistence unit 'default'
2020-05-07 15:34:19.803  WARN 18612 --- [main] JpaBaseConfiguration$JpaWebConfiguration : spring.jpa.open-in-view is enabled by default. Therefore, database queries may be performed during view rendering. Explicitly configure spring.jpa.open-in-view to disable this warning
2020-05-07 15:34:20.129  INFO 18612 --- [main] pertySourcedRequestMappingHandlerMapping : Mapped URL path [/v2/api-docs] onto method [springfox.documentation.swagger2.web.Swagger2Controller#getDocumentation(String, HttpServletRequest)]
2020-05-07 15:34:20.264  INFO 18612 --- [main] o.s.s.web.DefaultSecurityFilterChain     : Creating filter chain: any request, [org.springframework.security.web.context.request.async.WebAsyncManagerIntegrationFilter@108fd5d5, org.springframework.security.web.context.SecurityContextPersistenceFilter@395c21ee, org.springframework.security.web.header.HeaderWriterFilter@178c4480, org.springframework.security.web.authentication.logout.LogoutFilter@5bfeb9ba, org.springframework.security.web.authentication.www.BasicAuthenticationFilter@6b7e4db6, org.springframework.security.web.savedrequest.RequestCacheAwareFilter@669e730d, org.springframework.security.web.servletapi.SecurityContextHolderAwareRequestFilter@76876421, org.springframework.security.web.authentication.AnonymousAuthenticationFilter@4125bc3c, org.springframework.security.web.session.SessionManagementFilter@5c648e38, org.springframework.security.web.access.ExceptionTranslationFilter@3df54fd5, org.springframework.security.web.access.intercept.FilterSecurityInterceptor@3ecc9baa]
2020-05-07 15:34:20.372  INFO 18612 --- [main] o.s.s.concurrent.ThreadPoolTaskExecutor  : Initializing ExecutorService 'applicationTaskExecutor'
2020-05-07 15:34:20.493  INFO 18612 --- [main] d.s.w.p.DocumentationPluginsBootstrapper : Context refreshed
2020-05-07 15:34:20.506  INFO 18612 --- [main] d.s.w.p.DocumentationPluginsBootstrapper : Found 1 custom documentation plugin(s)
2020-05-07 15:34:20.543  INFO 18612 --- [main] s.d.s.w.s.ApiListingReferenceScanner     : Scanning for api listing references
2020-05-07 15:34:21.128  INFO 18612 --- [main] o.s.b.w.embedded.tomcat.TomcatWebServer  : Tomcat started on port(s): 9000 (http) with context path '/api'
2020-05-07 15:34:21.131  INFO 18612 --- [main] com.cml.eurder.jar.EurderApplication     : Started EurderApplication in 8.804 seconds (JVM running for 10.081)
2020-05-07 15:34:45.979  INFO 18612 --- [http-nio-9000-exec-3] o.a.c.c.C.[Tomcat].[localhost].[/api]    : Initializing Spring DispatcherServlet 'dispatcherServlet'
2020-05-07 15:34:45.981  INFO 18612 --- [http-nio-9000-exec-3] o.s.web.servlet.DispatcherServlet        : Initializing Servlet 'dispatcherServlet'
2020-05-07 15:34:45.989  INFO 18612 --- [http-nio-9000-exec-3] o.s.web.servlet.DispatcherServlet        : Completed initialization in 8 ms
2020-05-07 15:34:46.045  INFO 18612 --- [http-nio-9000-exec-3] c.c.e.api.controllers.ItemController     : Returning all items
